{
  "RSpec": {
    "coverage": {
      "/home/lucy/Projects/all_i_want_for/app/helpers/application_helper.rb": {
        "lines": [
          null,
          null,
          1,
          null
        ]
      },
      "/home/lucy/Projects/all_i_want_for/app/helpers/lists_helper.rb": {
        "lines": [
          null,
          null,
          1,
          null
        ]
      },
      "/home/lucy/Projects/all_i_want_for/app/helpers/sessions_helper.rb": {
        "lines": [
          null,
          null,
          1,
          null
        ]
      },
      "/home/lucy/Projects/all_i_want_for/app/helpers/welcome_helper.rb": {
        "lines": [
          null,
          null,
          1,
          null
        ]
      },
      "/home/lucy/Projects/all_i_want_for/app/models/gift.rb": {
        "lines": [
          null,
          null,
          1,
          1,
          1,
          null
        ]
      },
      "/home/lucy/Projects/all_i_want_for/app/models/application_record.rb": {
        "lines": [
          null,
          null,
          1,
          1,
          null
        ]
      },
      "/home/lucy/Projects/all_i_want_for/app/models/list.rb": {
        "lines": [
          null,
          null,
          1,
          1,
          null
        ]
      },
      "/home/lucy/Projects/all_i_want_for/app/models/user.rb": {
        "lines": [
          null,
          null,
          1,
          1,
          1,
          1,
          null,
          1,
          14,
          14,
          null,
          null
        ]
      },
      "/home/lucy/Projects/all_i_want_for/app/controllers/sessions_controller.rb": {
        "lines": [
          null,
          null,
          1,
          1,
          null,
          1,
          8,
          null,
          8,
          6,
          6,
          6,
          null,
          2,
          2,
          null,
          null,
          null,
          1,
          1,
          1,
          1,
          null,
          null
        ]
      },
      "/home/lucy/Projects/all_i_want_for/app/controllers/application_controller.rb": {
        "lines": [
          null,
          null,
          1,
          1,
          null,
          1,
          null,
          1,
          67,
          null,
          null
        ]
      },
      "/home/lucy/Projects/all_i_want_for/app/controllers/welcome_controller.rb": {
        "lines": [
          null,
          null,
          1,
          null
        ]
      },
      "/home/lucy/Projects/all_i_want_for/app/controllers/lists_controller.rb": {
        "lines": [
          null,
          null,
          1,
          1,
          null,
          1,
          9,
          null,
          null,
          1,
          null,
          1,
          4,
          null,
          null,
          1,
          4,
          null,
          4,
          4,
          null,
          0,
          null,
          null,
          null,
          1,
          null,
          1,
          2,
          2,
          null,
          0,
          null,
          null,
          null,
          1,
          1,
          1,
          null,
          null,
          1,
          null,
          1,
          5,
          null,
          null,
          1,
          2,
          null,
          null
        ]
      },
      "/home/lucy/Projects/all_i_want_for/app/controllers/users_controller.rb": {
        "lines": [
          null,
          null,
          1,
          1,
          5,
          null,
          null,
          1,
          4,
          null,
          4,
          1,
          1,
          null,
          3,
          null,
          null,
          null,
          1,
          0,
          0,
          null,
          null,
          1,
          null,
          1,
          4,
          null,
          null,
          null,
          null,
          null,
          null,
          null,
          null
        ]
      },
      "/home/lucy/Projects/all_i_want_for/app/jobs/application_job.rb": {
        "lines": [
          null,
          null,
          0,
          null,
          null,
          null,
          null,
          null,
          0
        ],
        "branches": {
        }
      },
      "/home/lucy/Projects/all_i_want_for/app/mailers/application_mailer.rb": {
        "lines": [
          null,
          null,
          0,
          0,
          0,
          0
        ],
        "branches": {
        }
      },
      "/home/lucy/Projects/all_i_want_for/app/channels/application_cable/connection.rb": {
        "lines": [
          null,
          null,
          0,
          0,
          0,
          0
        ],
        "branches": {
        }
      },
      "/home/lucy/Projects/all_i_want_for/app/channels/application_cable/channel.rb": {
        "lines": [
          null,
          null,
          0,
          0,
          0,
          0
        ],
        "branches": {
        }
      }
    },
    "timestamp": 1614095597
  }
}
